<?xml version="1.0" encoding="UTF-8"?>
<!-- Generated by org.testng.reporters.JUnitReportReporter -->
<testsuite hostname="DESKTOP-ER5EIJK" failures="0" tests="6" name="testCase.TC_001_LoginTest" time="96.045" errors="0" timestamp="2023-06-16T16:14:12 IST" skipped="0">
  <testcase classname="testCase.TC_001_LoginTest" name="loginTest" time="4.229"/>
  <testcase classname="testCase.TC_001_LoginTest" name="loginTest" time="19.038"/>
  <testcase classname="testCase.TC_001_LoginTest" name="loginTest" time="20.658"/>
  <testcase classname="testCase.TC_001_LoginTest" name="loginTest" time="18.464"/>
  <testcase classname="testCase.TC_001_LoginTest" name="loginTest" time="15.051"/>
  <testcase classname="testCase.TC_001_LoginTest" name="loginTest" time="18.605"/>
</testsuite> <!-- testCase.TC_001_LoginTest -->
