<?xml version="1.0" encoding="UTF-8"?>
<!-- Generated by org.testng.reporters.JUnitReportReporter -->
<testsuite hostname="DESKTOP-ER5EIJK" failures="0" tests="9" name="testCase.TC_001_LoginTest" time="124.943" errors="0" timestamp="2023-06-19T07:27:39 IST" skipped="0">
  <testcase classname="testCase.TC_001_LoginTest" name="loginTest" time="18.569"/>
  <testcase classname="testCase.TC_001_LoginTest" name="loginTest" time="4.742"/>
  <testcase classname="testCase.TC_001_LoginTest" name="loginTest" time="18.410"/>
  <testcase classname="testCase.TC_001_LoginTest" name="loginTest" time="18.739"/>
  <testcase classname="testCase.TC_001_LoginTest" name="loginTest" time="18.697"/>
  <testcase classname="testCase.TC_001_LoginTest" name="loginTest" time="18.907"/>
  <testcase classname="testCase.TC_001_LoginTest" name="loginTest" time="18.492"/>
  <testcase classname="testCase.TC_001_LoginTest" name="loginTest" time="4.158"/>
  <testcase classname="testCase.TC_001_LoginTest" name="loginTest" time="4.229"/>
</testsuite> <!-- testCase.TC_001_LoginTest -->
